Release 13.4 - xst O.87xd (lin64)
Copyright (c) 1995-2011 Xilinx, Inc.  All rights reserved.
--> 
Parameter TMPDIR set to xst/projnav.tmp


Total REAL time to Xst completion: 0.00 secs
Total CPU time to Xst completion: 0.07 secs
 
--> 
Parameter xsthdpdir set to xst


Total REAL time to Xst completion: 0.00 secs
Total CPU time to Xst completion: 0.07 secs
 
--> 
Reading design: shiftandAddMultiplier.prj

TABLE OF CONTENTS
  1) Synthesis Options Summary
  2) HDL Compilation
  3) Design Hierarchy Analysis
  4) HDL Analysis
  5) HDL Synthesis
     5.1) HDL Synthesis Report
  6) Advanced HDL Synthesis
     6.1) Advanced HDL Synthesis Report
  7) Low Level Synthesis
  8) Partition Report
  9) Final Report
	9.1) Device utilization summary
	9.2) Partition Resource Summary
	9.3) TIMING REPORT


=========================================================================
*                      Synthesis Options Summary                        *
=========================================================================
---- Source Parameters
Input File Name                    : "shiftandAddMultiplier.prj"
Input Format                       : mixed
Ignore Synthesis Constraint File   : NO

---- Target Parameters
Output File Name                   : "shiftandAddMultiplier"
Output Format                      : NGC
Target Device                      : xc3s500e-5-fg320

---- Source Options
Top Module Name                    : shiftandAddMultiplier
Automatic FSM Extraction           : YES
FSM Encoding Algorithm             : Auto
Safe Implementation                : No
FSM Style                          : LUT
RAM Extraction                     : Yes
RAM Style                          : Auto
ROM Extraction                     : Yes
Mux Style                          : Auto
Decoder Extraction                 : YES
Priority Encoder Extraction        : Yes
Shift Register Extraction          : YES
Logical Shifter Extraction         : YES
XOR Collapsing                     : YES
ROM Style                          : Auto
Mux Extraction                     : Yes
Resource Sharing                   : YES
Asynchronous To Synchronous        : NO
Multiplier Style                   : Auto
Automatic Register Balancing       : No

---- Target Options
Add IO Buffers                     : YES
Global Maximum Fanout              : 100000
Add Generic Clock Buffer(BUFG)     : 24
Register Duplication               : YES
Slice Packing                      : YES
Optimize Instantiated Primitives   : NO
Use Clock Enable                   : Yes
Use Synchronous Set                : Yes
Use Synchronous Reset              : Yes
Pack IO Registers into IOBs        : Auto
Equivalent register Removal        : YES

---- General Options
Optimization Goal                  : Speed
Optimization Effort                : 1
Keep Hierarchy                     : No
Netlist Hierarchy                  : As_Optimized
RTL Output                         : Yes
Global Optimization                : AllClockNets
Read Cores                         : YES
Write Timing Constraints           : NO
Cross Clock Analysis               : NO
Hierarchy Separator                : /
Bus Delimiter                      : <>
Case Specifier                     : Maintain
Slice Utilization Ratio            : 100
BRAM Utilization Ratio             : 100
Verilog 2001                       : YES
Auto BRAM Packing                  : NO
Slice Utilization Ratio Delta      : 5

=========================================================================


=========================================================================
*                          HDL Compilation                              *
=========================================================================
Compiling verilog file "shiftandAddMultiplier.v" in library work
Module <shiftandAddMultiplier> compiled
No errors in compilation
Analysis of file <"shiftandAddMultiplier.prj"> succeeded.
 

=========================================================================
*                     Design Hierarchy Analysis                         *
=========================================================================
Analyzing hierarchy for module <shiftandAddMultiplier> in library <work>.


=========================================================================
*                            HDL Analysis                               *
=========================================================================
Analyzing top module <shiftandAddMultiplier>.
Module <shiftandAddMultiplier> is correct for synthesis.
 

=========================================================================
*                           HDL Synthesis                               *
=========================================================================

Performing bidirectional port resolution...

Synthesizing Unit <shiftandAddMultiplier>.
    Related source file is "shiftandAddMultiplier.v".
WARNING:Xst:646 - Signal <q> is assigned but never used. This unconnected signal will be trimmed during the optimization process.
WARNING:Xst:646 - Signal <ac> is assigned but never used. This unconnected signal will be trimmed during the optimization process.
    Found 5-bit adder for signal <old_ac_3$addsub0000> created at line 37.
    Found 5-bit adder for signal <old_ac_5$addsub0000> created at line 37.
    Found 5-bit adder for signal <old_ac_7$addsub0000> created at line 37.
    Summary:
	inferred   3 Adder/Subtractor(s).
Unit <shiftandAddMultiplier> synthesized.


=========================================================================
HDL Synthesis Report

Macro Statistics
# Adders/Subtractors                                   : 3
 5-bit adder                                           : 3

=========================================================================

=========================================================================
*                       Advanced HDL Synthesis                          *
=========================================================================


=========================================================================
Advanced HDL Synthesis Report

Macro Statistics
# Adders/Subtractors                                   : 3
 5-bit adder                                           : 3

=========================================================================

=========================================================================
*                         Low Level Synthesis                           *
=========================================================================

Optimizing unit <shiftandAddMultiplier> ...

Mapping all equations...
Building and optimizing final netlist ...
Found area constraint ratio of 100 (+ 5) on block shiftandAddMultiplier, actual ratio is 0.

Final Macro Processing ...

=========================================================================
Final Register Report

Found no macro
=========================================================================

=========================================================================
*                           Partition Report                            *
=========================================================================

Partition Implementation Status
-------------------------------

  No Partitions were found in this design.

-------------------------------

=========================================================================
*                            Final Report                               *
=========================================================================
Final Results
RTL Top Level Output File Name     : shiftandAddMultiplier.ngr
Top Level Output File Name         : shiftandAddMultiplier
Output Format                      : NGC
Optimization Goal                  : Speed
Keep Hierarchy                     : No

Design Statistics
# IOs                              : 16

Cell Usage :
# BELS                             : 35
#      LUT2                        : 3
#      LUT3                        : 4
#      LUT4                        : 22
#      MUXF5                       : 6
# IO Buffers                       : 16
#      IBUF                        : 8
#      OBUF                        : 8
=========================================================================

Device utilization summary:
---------------------------

Selected Device : 3s500efg320-5 

 Number of Slices:                       16  out of   4656     0%  
 Number of 4 input LUTs:                 29  out of   9312     0%  
 Number of IOs:                          16
 Number of bonded IOBs:                  16  out of    232     6%  

---------------------------
Partition Resource Summary:
---------------------------

  No Partitions were found in this design.

---------------------------


=========================================================================
TIMING REPORT

NOTE: THESE TIMING NUMBERS ARE ONLY A SYNTHESIS ESTIMATE.
      FOR ACCURATE TIMING INFORMATION PLEASE REFER TO THE TRACE REPORT
      GENERATED AFTER PLACE-and-ROUTE.

Clock Information:
------------------
No clock signals found in this design

Asynchronous Control Signals Information:
----------------------------------------
No asynchronous control signals found in this design

Timing Summary:
---------------
Speed Grade: -5

   Minimum period: No path found
   Minimum input arrival time before clock: No path found
   Maximum output required time after clock: No path found
   Maximum combinational path delay: 12.572ns

Timing Detail:
--------------
All values displayed in nanoseconds (ns)

=========================================================================
Timing constraint: Default path analysis
  Total number of paths / destination ports: 654 / 8
-------------------------------------------------------------------------
Delay:               12.572ns (Levels of Logic = 9)
  Source:            a<0> (PAD)
  Destination:       p<7> (PAD)

  Data Path: a<0> to p<7>
                                Gate     Net
    Cell:in->out      fanout   Delay   Delay  Logical Name (Net Name)
    ----------------------------------------  ------------
     IBUF:I->O            12   1.106   0.886  a_0_IBUF (a_0_IBUF)
     LUT4:I1->O            2   0.612   0.449  _old_ac_3<4>11 (N11)
     LUT4:I1->O            3   0.612   0.454  _old_ac_3<4>21 (N5)
     LUT4:I3->O            3   0.612   0.603  _old_ac_3<3>1 (_old_ac_3<3>)
     LUT4:I0->O            2   0.612   0.383  _old_ac_5<2>1 (_old_ac_5<2>)
     LUT4:I3->O            3   0.612   0.520  _old_ac_7<3>21 (N3)
     LUT3:I1->O            1   0.612   0.360  _old_ac_7<3>41 (N7)
     LUT4:I3->O            1   0.612   0.357  _old_ac_7<4>1 (p_7_OBUF)
     OBUF:I->O                 3.169          p_7_OBUF (p<7>)
    ----------------------------------------
    Total                     12.572ns (8.559ns logic, 4.013ns route)
                                       (68.1% logic, 31.9% route)

=========================================================================


Total REAL time to Xst completion: 7.00 secs
Total CPU time to Xst completion: 6.92 secs
 
--> 


Total memory usage is 517136 kilobytes

Number of errors   :    0 (   0 filtered)
Number of warnings :    2 (   0 filtered)
Number of infos    :    0 (   0 filtered)

